<?xml version="1.0" encoding="UTF-8"?>
<!-- Generated by org.testng.reporters.JUnitReportReporter -->
<<<<<<< HEAD
<testsuite hostname="SANTOSHs-MacBook-Pro.local" name="com.automation.test.browserNavigationCommandTest" tests="1" failures="0" timestamp="16 May 2016 02:15:02 GMT" time="14.067" errors="0">
  <testcase name="practiceBrowserCommandNavigation" time="14.067" classname="com.automation.test.browserNavigationCommandTest"/>
=======
<testsuite hostname="SANTOSHs-MacBook-Pro.local" name="com.automation.test.browserNavigationCommandTest" tests="1" failures="0" timestamp="14 May 2016 19:08:26 GMT" time="11.968" errors="0">
  <testcase name="practiceBrowserCommandNavigation" time="11.968" classname="com.automation.test.browserNavigationCommandTest"/>
>>>>>>> 027cb10ee1d53b67cdd0248f1157b1bc88223f52
</testsuite> <!-- com.automation.test.browserNavigationCommandTest -->
