<?xml version="1.0" encoding="UTF-8"?>
<!-- Generated by org.testng.reporters.JUnitReportReporter -->
<<<<<<< HEAD
<testsuite hostname="SANTOSHs-MacBook-Pro.local" name="com.automation.test.mySecondTest" tests="1" failures="0" timestamp="16 May 2016 02:15:02 GMT" time="6.004" errors="0">
  <testcase name="switchWindowTest" time="6.004" classname="com.automation.test.mySecondTest"/>
=======
<testsuite hostname="SANTOSHs-MacBook-Pro.local" name="com.automation.test.mySecondTest" tests="1" failures="0" timestamp="14 May 2016 19:08:26 GMT" time="8.285" errors="0">
  <testcase name="switchWindowTest" time="8.285" classname="com.automation.test.mySecondTest"/>
>>>>>>> 027cb10ee1d53b67cdd0248f1157b1bc88223f52
</testsuite> <!-- com.automation.test.mySecondTest -->
