<?xml version="1.0" encoding="UTF-8"?>
<!-- Generated by org.testng.reporters.JUnitReportReporter -->
<testsuite hostname="SANTOSHs-MacBook-Pro.local" name="com.automation.test.mySecondTest" tests="1" failures="0" timestamp="14 May 2016 19:08:26 GMT" time="8.285" errors="0">
  <testcase name="switchWindowTest" time="8.285" classname="com.automation.test.mySecondTest"/>
</testsuite> <!-- com.automation.test.mySecondTest -->
