<?xml version="1.0" encoding="UTF-8"?>
<!-- Generated by org.testng.reporters.JUnitReportReporter -->
<testsuite hostname="SANTOSHs-MacBook-Pro.local" name="com.automation.test.myFirstTest" tests="1" failures="0" timestamp="23 Apr 2016 16:40:25 GMT" time="45.251" errors="1">
  <testcase name="launchDriver" time="45.251" classname="com.automation.test.myFirstTest">
    <error type="org.openqa.selenium.WebDriverException" message="Failed to connect to binary FirefoxBinary(/Applications/Firefox.app/Contents/MacOS/firefox-bin) on port 7055; process output follows: 
oreignInstall&quot;:false,&quot;hasBinaryComponents&quot;:false,&quot;strictCompatibility&quot;:false,&quot;locales&quot;:[],&quot;targetApplications&quot;:[{&quot;id&quot;:&quot;{ec8030f7-c20a-464f-9b0e-13a3a9e97384}&quot;,&quot;minVersion&quot;:&quot;45.0a1&quot;,&quot;maxVersion&quot;:&quot;45.0.1&quot;},{&quot;id&quot;:&quot;xpcshell@tests.mozilla.org&quot;,&quot;minVersion&quot;:&quot;0&quot;,&quot;maxVersion&quot;:&quot;10&quot;}],&quot;targetPlatforms&quot;:[],&quot;multiprocessCompatible&quot;:false,&quot;seen&quot;:true}
1461429535174	addons.xpi	DEBUG	getModTime: Recursive scan of loop@mozilla.org
1461429535175	addons.xpi	DEBUG	Updating XPIState for {&quot;id&quot;:&quot;{972ce4c6-7e08-4474-a285-3208198ce6fd}&quot;,&quot;syncGUID&quot;:&quot;nDV74iKGinpn&quot;,&quot;location&quot;:&quot;app-global&quot;,&quot;version&quot;:&quot;45.0.1&quot;,&quot;type&quot;:&quot;theme&quot;,&quot;internalName&quot;:&quot;classic/1.0&quot;,&quot;updateURL&quot;:null,&quot;updateKey&quot;:null,&quot;optionsURL&quot;:null,&quot;optionsType&quot;:null,&quot;aboutURL&quot;:null,&quot;icons&quot;:{&quot;32&quot;:&quot;icon.png&quot;,&quot;48&quot;:&quot;icon.png&quot;},&quot;iconURL&quot;:null,&quot;icon64URL&quot;:null,&quot;defaultLocale&quot;:{&quot;name&quot;:&quot;Default&quot;,&quot;description&quot;:&quot;The default theme.&quot;,&quot;creator&quot;:&quot;Mozilla&quot;,&quot;homepageURL&quot;:null,&quot;contributors&quot;:[&quot;Mozilla Contributors&quot;]},&quot;visible&quot;:true,&quot;active&quot;:true,&quot;userDisabled&quot;:false,&quot;appDisabled&quot;:false,&quot;descriptor&quot;:&quot;/Applications/Firefox.app/Contents/Resources/browser/extensions/{972ce4c6-7e08-4474-a285-3208198ce6fd}.xpi&quot;,&quot;installDate&quot;:1458452139000,&quot;updateDate&quot;:1458452139000,&quot;applyBackgroundUpdates&quot;:1,&quot;skinnable&quot;:true,&quot;size&quot;:7140,&quot;sourceURI&quot;:null,&quot;releaseNotesURI&quot;:null,&quot;softDisabled&quot;:false,&quot;foreignInstall&quot;:false,&quot;hasBinaryComponents&quot;:false,&quot;strictCompatibility&quot;:true,&quot;locales&quot;:[],&quot;targetApplications&quot;:[{&quot;id&quot;:&quot;{ec8030f7-c20a-464f-9b0e-13a3a9e97384}&quot;,&quot;minVersion&quot;:&quot;45.0.1&quot;,&quot;maxVersion&quot;:&quot;45.0.1&quot;}],&quot;targetPlatforms&quot;:[],&quot;seen&quot;:true}
1461429535175	addons.xpi	DEBUG	getModTime: Recursive scan of {972ce4c6-7e08-4474-a285-3208198ce6fd}
1461429535176	DeferredSave.extensions.json	DEBUG	Save changes
1461429535176	addons.xpi	DEBUG	Updating database with changes to installed add-ons
1461429535176	addons.xpi-utils	DEBUG	Updating add-on states
1461429535176	addons.xpi-utils	DEBUG	Writing add-ons list
1461429535177	addons.xpi	DEBUG	Registering manifest for /Applications/Firefox.app/Contents/Resources/browser/features/loop@mozilla.org.xpi
1461429535178	addons.xpi	DEBUG	Calling bootstrap method startup on loop@mozilla.org version 0.1
1461429535193	addons.manager	DEBUG	Starting provider: &lt;unnamed-provider&gt;
1461429535193	addons.manager	DEBUG	Registering shutdown blocker for &lt;unnamed-provider&gt;
1461429535193	addons.manager	DEBUG	Provider finished startup: &lt;unnamed-provider&gt;
1461429535208	addons.manager	DEBUG	Registering shutdown blocker for XPIProvider
1461429535208	addons.manager	DEBUG	Provider finished startup: XPIProvider
1461429535208	addons.manager	DEBUG	Starting provider: LightweightThemeManager
1461429535208	addons.manager	DEBUG	Registering shutdown blocker for LightweightThemeManager
1461429535209	addons.manager	DEBUG	Provider finished startup: LightweightThemeManager
1461429535209	addons.manager	DEBUG	Starting provider: GMPProvider
1461429535214	addons.manager	DEBUG	Registering shutdown blocker for GMPProvider
1461429535214	addons.manager	DEBUG	Provider finished startup: GMPProvider
1461429535214	addons.manager	DEBUG	Starting provider: PluginProvider
1461429535214	addons.manager	DEBUG	Registering shutdown blocker for PluginProvider
1461429535215	addons.manager	DEBUG	Provider finished startup: PluginProvider
1461429535215	addons.manager	DEBUG	Completed startup sequence
1461429535605	DeferredSave.extensions.json	DEBUG	Starting write
1461429535701	addons.repository	DEBUG	No addons.json found.
1461429535701	DeferredSave.addons.json	DEBUG	Save changes
1461429535704	DeferredSave.addons.json	DEBUG	Starting timer
1461429535730	addons.manager	DEBUG	Starting provider: PreviousExperimentProvider
1461429535730	addons.manager	DEBUG	Registering shutdown blocker for PreviousExperimentProvider
1461429535730	addons.manager	DEBUG	Provider finished startup: PreviousExperimentProvider
1461429535738	DeferredSave.extensions.json	DEBUG	Write succeeded
1461429535738	addons.xpi-utils	DEBUG	XPI Database saved, setting schema version preference to 17
1461429535758	DeferredSave.addons.json	DEBUG	Starting write
1461429535770	DeferredSave.addons.json	DEBUG	Write succeeded

Build info: version: &#039;2.48.2&#039;, revision: &#039;41bccdd10cf2c0560f637404c2d96164b67d9d67&#039;, time: &#039;2015-10-09 13:08:06&#039;
System info: host: &#039;SANTOSHs-MacBook-Pro.local&#039;, ip: &#039;10.0.0.9&#039;, os.name: &#039;Mac OS X&#039;, os.arch: &#039;x86_64&#039;, os.version: &#039;10.11.4&#039;, java.version: &#039;1.7.0_25&#039;
Driver info: driver.version: FirefoxDriver">
      <![CDATA[org.openqa.selenium.WebDriverException: Failed to connect to binary FirefoxBinary(/Applications/Firefox.app/Contents/MacOS/firefox-bin) on port 7055; process output follows: 
oreignInstall":false,"hasBinaryComponents":false,"strictCompatibility":false,"locales":[],"targetApplications":[{"id":"{ec8030f7-c20a-464f-9b0e-13a3a9e97384}","minVersion":"45.0a1","maxVersion":"45.0.1"},{"id":"xpcshell@tests.mozilla.org","minVersion":"0","maxVersion":"10"}],"targetPlatforms":[],"multiprocessCompatible":false,"seen":true}
1461429535174	addons.xpi	DEBUG	getModTime: Recursive scan of loop@mozilla.org
1461429535175	addons.xpi	DEBUG	Updating XPIState for {"id":"{972ce4c6-7e08-4474-a285-3208198ce6fd}","syncGUID":"nDV74iKGinpn","location":"app-global","version":"45.0.1","type":"theme","internalName":"classic/1.0","updateURL":null,"updateKey":null,"optionsURL":null,"optionsType":null,"aboutURL":null,"icons":{"32":"icon.png","48":"icon.png"},"iconURL":null,"icon64URL":null,"defaultLocale":{"name":"Default","description":"The default theme.","creator":"Mozilla","homepageURL":null,"contributors":["Mozilla Contributors"]},"visible":true,"active":true,"userDisabled":false,"appDisabled":false,"descriptor":"/Applications/Firefox.app/Contents/Resources/browser/extensions/{972ce4c6-7e08-4474-a285-3208198ce6fd}.xpi","installDate":1458452139000,"updateDate":1458452139000,"applyBackgroundUpdates":1,"skinnable":true,"size":7140,"sourceURI":null,"releaseNotesURI":null,"softDisabled":false,"foreignInstall":false,"hasBinaryComponents":false,"strictCompatibility":true,"locales":[],"targetApplications":[{"id":"{ec8030f7-c20a-464f-9b0e-13a3a9e97384}","minVersion":"45.0.1","maxVersion":"45.0.1"}],"targetPlatforms":[],"seen":true}
1461429535175	addons.xpi	DEBUG	getModTime: Recursive scan of {972ce4c6-7e08-4474-a285-3208198ce6fd}
1461429535176	DeferredSave.extensions.json	DEBUG	Save changes
1461429535176	addons.xpi	DEBUG	Updating database with changes to installed add-ons
1461429535176	addons.xpi-utils	DEBUG	Updating add-on states
1461429535176	addons.xpi-utils	DEBUG	Writing add-ons list
1461429535177	addons.xpi	DEBUG	Registering manifest for /Applications/Firefox.app/Contents/Resources/browser/features/loop@mozilla.org.xpi
1461429535178	addons.xpi	DEBUG	Calling bootstrap method startup on loop@mozilla.org version 0.1
1461429535193	addons.manager	DEBUG	Starting provider: <unnamed-provider>
1461429535193	addons.manager	DEBUG	Registering shutdown blocker for <unnamed-provider>
1461429535193	addons.manager	DEBUG	Provider finished startup: <unnamed-provider>
1461429535208	addons.manager	DEBUG	Registering shutdown blocker for XPIProvider
1461429535208	addons.manager	DEBUG	Provider finished startup: XPIProvider
1461429535208	addons.manager	DEBUG	Starting provider: LightweightThemeManager
1461429535208	addons.manager	DEBUG	Registering shutdown blocker for LightweightThemeManager
1461429535209	addons.manager	DEBUG	Provider finished startup: LightweightThemeManager
1461429535209	addons.manager	DEBUG	Starting provider: GMPProvider
1461429535214	addons.manager	DEBUG	Registering shutdown blocker for GMPProvider
1461429535214	addons.manager	DEBUG	Provider finished startup: GMPProvider
1461429535214	addons.manager	DEBUG	Starting provider: PluginProvider
1461429535214	addons.manager	DEBUG	Registering shutdown blocker for PluginProvider
1461429535215	addons.manager	DEBUG	Provider finished startup: PluginProvider
1461429535215	addons.manager	DEBUG	Completed startup sequence
1461429535605	DeferredSave.extensions.json	DEBUG	Starting write
1461429535701	addons.repository	DEBUG	No addons.json found.
1461429535701	DeferredSave.addons.json	DEBUG	Save changes
1461429535704	DeferredSave.addons.json	DEBUG	Starting timer
1461429535730	addons.manager	DEBUG	Starting provider: PreviousExperimentProvider
1461429535730	addons.manager	DEBUG	Registering shutdown blocker for PreviousExperimentProvider
1461429535730	addons.manager	DEBUG	Provider finished startup: PreviousExperimentProvider
1461429535738	DeferredSave.extensions.json	DEBUG	Write succeeded
1461429535738	addons.xpi-utils	DEBUG	XPI Database saved, setting schema version preference to 17
1461429535758	DeferredSave.addons.json	DEBUG	Starting write
1461429535770	DeferredSave.addons.json	DEBUG	Write succeeded

Build info: version: '2.48.2', revision: '41bccdd10cf2c0560f637404c2d96164b67d9d67', time: '2015-10-09 13:08:06'
System info: host: 'SANTOSHs-MacBook-Pro.local', ip: '10.0.0.9', os.name: 'Mac OS X', os.arch: 'x86_64', os.version: '10.11.4', java.version: '1.7.0_25'
Driver info: driver.version: FirefoxDriver
	at org.openqa.selenium.firefox.internal.NewProfileExtensionConnection.start(NewProfileExtensionConnection.java:135)
	at org.openqa.selenium.firefox.FirefoxDriver.startClient(FirefoxDriver.java:271)
	at org.openqa.selenium.remote.RemoteWebDriver.<init>(RemoteWebDriver.java:117)
	at org.openqa.selenium.firefox.FirefoxDriver.<init>(FirefoxDriver.java:216)
	at org.openqa.selenium.firefox.FirefoxDriver.<init>(FirefoxDriver.java:211)
	at org.openqa.selenium.firefox.FirefoxDriver.<init>(FirefoxDriver.java:207)
	at org.openqa.selenium.firefox.FirefoxDriver.<init>(FirefoxDriver.java:120)
	at com.automation.test.myFirstTest.launchDriver(myFirstTest.java:14)
	at sun.reflect.NativeMethodAccessorImpl.invoke0(Native Method)
	at sun.reflect.NativeMethodAccessorImpl.invoke(NativeMethodAccessorImpl.java:57)
	at sun.reflect.DelegatingMethodAccessorImpl.invoke(DelegatingMethodAccessorImpl.java:43)
	at java.lang.reflect.Method.invoke(Method.java:606)
	at org.testng.internal.MethodInvocationHelper.invokeMethod(MethodInvocationHelper.java:85)
	at org.testng.internal.Invoker.invokeMethod(Invoker.java:639)
	at org.testng.internal.Invoker.invokeTestMethod(Invoker.java:816)
	at org.testng.internal.Invoker.invokeTestMethods(Invoker.java:1124)
	at org.testng.internal.TestMethodWorker.invokeTestMethods(TestMethodWorker.java:125)
	at org.testng.internal.TestMethodWorker.run(TestMethodWorker.java:108)
	at org.testng.TestRunner.privateRun(TestRunner.java:774)
	at org.testng.TestRunner.run(TestRunner.java:624)
	at org.testng.SuiteRunner.runTest(SuiteRunner.java:359)
	at org.testng.SuiteRunner.runSequentially(SuiteRunner.java:354)
	at org.testng.SuiteRunner.privateRun(SuiteRunner.java:312)
	at org.testng.SuiteRunner.run(SuiteRunner.java:261)
	at org.testng.SuiteRunnerWorker.runSuite(SuiteRunnerWorker.java:52)
	at org.testng.SuiteRunnerWorker.run(SuiteRunnerWorker.java:86)
	at org.testng.TestNG.runSuitesSequentially(TestNG.java:1215)
	at org.testng.TestNG.runSuitesLocally(TestNG.java:1140)
	at org.testng.TestNG.run(TestNG.java:1048)
	at org.apache.maven.surefire.testng.TestNGExecutor.run(TestNGExecutor.java:70)
	at org.apache.maven.surefire.testng.TestNGDirectoryTestSuite.executeMulti(TestNGDirectoryTestSuite.java:158)
	at org.apache.maven.surefire.testng.TestNGDirectoryTestSuite.execute(TestNGDirectoryTestSuite.java:98)
	at org.apache.maven.surefire.testng.TestNGProvider.invoke(TestNGProvider.java:111)
	at sun.reflect.NativeMethodAccessorImpl.invoke0(Native Method)
	at sun.reflect.NativeMethodAccessorImpl.invoke(NativeMethodAccessorImpl.java:57)
	at sun.reflect.DelegatingMethodAccessorImpl.invoke(DelegatingMethodAccessorImpl.java:43)
	at java.lang.reflect.Method.invoke(Method.java:606)
	at org.apache.maven.surefire.util.ReflectionUtils.invokeMethodWithArray(ReflectionUtils.java:164)
	at org.apache.maven.surefire.booter.ProviderFactory$ProviderProxy.invoke(ProviderFactory.java:110)
	at org.apache.maven.surefire.booter.SurefireStarter.invokeProvider(SurefireStarter.java:175)
	at org.apache.maven.surefire.booter.SurefireStarter.runSuitesInProcessWhenForked(SurefireStarter.java:107)
	at org.apache.maven.surefire.booter.ForkedBooter.main(ForkedBooter.java:68)
Caused by: org.openqa.selenium.firefox.NotConnectedException: Unable to connect to host 127.0.0.1 on port 7055 after 45000 ms. Firefox console output:
oreignInstall":false,"hasBinaryComponents":false,"strictCompatibility":false,"locales":[],"targetApplications":[{"id":"{ec8030f7-c20a-464f-9b0e-13a3a9e97384}","minVersion":"45.0a1","maxVersion":"45.0.1"},{"id":"xpcshell@tests.mozilla.org","minVersion":"0","maxVersion":"10"}],"targetPlatforms":[],"multiprocessCompatible":false,"seen":true}
1461429535174	addons.xpi	DEBUG	getModTime: Recursive scan of loop@mozilla.org
1461429535175	addons.xpi	DEBUG	Updating XPIState for {"id":"{972ce4c6-7e08-4474-a285-3208198ce6fd}","syncGUID":"nDV74iKGinpn","location":"app-global","version":"45.0.1","type":"theme","internalName":"classic/1.0","updateURL":null,"updateKey":null,"optionsURL":null,"optionsType":null,"aboutURL":null,"icons":{"32":"icon.png","48":"icon.png"},"iconURL":null,"icon64URL":null,"defaultLocale":{"name":"Default","description":"The default theme.","creator":"Mozilla","homepageURL":null,"contributors":["Mozilla Contributors"]},"visible":true,"active":true,"userDisabled":false,"appDisabled":false,"descriptor":"/Applications/Firefox.app/Contents/Resources/browser/extensions/{972ce4c6-7e08-4474-a285-3208198ce6fd}.xpi","installDate":1458452139000,"updateDate":1458452139000,"applyBackgroundUpdates":1,"skinnable":true,"size":7140,"sourceURI":null,"releaseNotesURI":null,"softDisabled":false,"foreignInstall":false,"hasBinaryComponents":false,"strictCompatibility":true,"locales":[],"targetApplications":[{"id":"{ec8030f7-c20a-464f-9b0e-13a3a9e97384}","minVersion":"45.0.1","maxVersion":"45.0.1"}],"targetPlatforms":[],"seen":true}
1461429535175	addons.xpi	DEBUG	getModTime: Recursive scan of {972ce4c6-7e08-4474-a285-3208198ce6fd}
1461429535176	DeferredSave.extensions.json	DEBUG	Save changes
1461429535176	addons.xpi	DEBUG	Updating database with changes to installed add-ons
1461429535176	addons.xpi-utils	DEBUG	Updating add-on states
1461429535176	addons.xpi-utils	DEBUG	Writing add-ons list
1461429535177	addons.xpi	DEBUG	Registering manifest for /Applications/Firefox.app/Contents/Resources/browser/features/loop@mozilla.org.xpi
1461429535178	addons.xpi	DEBUG	Calling bootstrap method startup on loop@mozilla.org version 0.1
1461429535193	addons.manager	DEBUG	Starting provider: <unnamed-provider>
1461429535193	addons.manager	DEBUG	Registering shutdown blocker for <unnamed-provider>
1461429535193	addons.manager	DEBUG	Provider finished startup: <unnamed-provider>
1461429535208	addons.manager	DEBUG	Registering shutdown blocker for XPIProvider
1461429535208	addons.manager	DEBUG	Provider finished startup: XPIProvider
1461429535208	addons.manager	DEBUG	Starting provider: LightweightThemeManager
1461429535208	addons.manager	DEBUG	Registering shutdown blocker for LightweightThemeManager
1461429535209	addons.manager	DEBUG	Provider finished startup: LightweightThemeManager
1461429535209	addons.manager	DEBUG	Starting provider: GMPProvider
1461429535214	addons.manager	DEBUG	Registering shutdown blocker for GMPProvider
1461429535214	addons.manager	DEBUG	Provider finished startup: GMPProvider
1461429535214	addons.manager	DEBUG	Starting provider: PluginProvider
1461429535214	addons.manager	DEBUG	Registering shutdown blocker for PluginProvider
1461429535215	addons.manager	DEBUG	Provider finished startup: PluginProvider
1461429535215	addons.manager	DEBUG	Completed startup sequence
1461429535605	DeferredSave.extensions.json	DEBUG	Starting write
1461429535701	addons.repository	DEBUG	No addons.json found.
1461429535701	DeferredSave.addons.json	DEBUG	Save changes
1461429535704	DeferredSave.addons.json	DEBUG	Starting timer
1461429535730	addons.manager	DEBUG	Starting provider: PreviousExperimentProvider
1461429535730	addons.manager	DEBUG	Registering shutdown blocker for PreviousExperimentProvider
1461429535730	addons.manager	DEBUG	Provider finished startup: PreviousExperimentProvider
1461429535738	DeferredSave.extensions.json	DEBUG	Write succeeded
1461429535738	addons.xpi-utils	DEBUG	XPI Database saved, setting schema version preference to 17
1461429535758	DeferredSave.addons.json	DEBUG	Starting write
1461429535770	DeferredSave.addons.json	DEBUG	Write succeeded

	at org.openqa.selenium.firefox.internal.NewProfileExtensionConnection.start(NewProfileExtensionConnection.java:123)
	... 41 more
]]>
    </error>
  </testcase> <!-- launchDriver -->
</testsuite> <!-- com.automation.test.myFirstTest -->
