<?xml version="1.0" encoding="UTF-8"?>
<!-- Generated by org.testng.reporters.JUnitReportReporter -->
<testsuite hostname="SANTOSHs-MacBook-Pro.local" name="com.automation.test.browserNavigationCommandTest" tests="1" failures="0" timestamp="14 May 2016 19:08:26 GMT" time="11.968" errors="0">
  <testcase name="practiceBrowserCommandNavigation" time="11.968" classname="com.automation.test.browserNavigationCommandTest"/>
</testsuite> <!-- com.automation.test.browserNavigationCommandTest -->
