<?xml version="1.0" encoding="UTF-8"?>
<!-- Generated by org.testng.reporters.JUnitReportReporter -->
<testsuite hostname="SANTOSHs-MacBook-Pro.local" name="com.automation.test.webElementPractice1" tests="1" failures="0" timestamp="10 Jun 2016 21:44:10 GMT" time="22.621" errors="0">
  <testcase name="webElementPractice1" time="22.621" classname="com.automation.test.webElementPractice1"/>
</testsuite> <!-- com.automation.test.webElementPractice1 -->
