<?xml version="1.0" encoding="UTF-8"?>
<!-- Generated by org.testng.reporters.JUnitReportReporter -->
<testsuite hostname="SANTOSHs-MacBook-Pro.local" name="com.automation.test.browserNavigationCommandTest" tests="1" failures="0" timestamp="16 May 2016 02:15:02 GMT" time="14.067" errors="0">
  <testcase name="practiceBrowserCommandNavigation" time="14.067" classname="com.automation.test.browserNavigationCommandTest"/>
</testsuite> <!-- com.automation.test.browserNavigationCommandTest -->
