<?xml version="1.0" encoding="UTF-8"?>
<!-- Generated by org.testng.reporters.JUnitReportReporter -->
<testsuite hostname="SANTOSHs-MacBook-Pro.local" name="com.automation.test.mySecondTest" tests="1" failures="0" timestamp="16 May 2016 02:15:02 GMT" time="6.004" errors="0">
  <testcase name="switchWindowTest" time="6.004" classname="com.automation.test.mySecondTest"/>
</testsuite> <!-- com.automation.test.mySecondTest -->
